<?xml version="1.0" encoding="UTF-8"?>
<!-- Generated by org.testng.reporters.JUnitReportReporter -->
<testsuite hostname="NWCHNLAP003" failures="0" tests="1" name="p04_delegate.TC13_cancelEndDelegation" time="47.503" errors="0" timestamp="2022-08-09T12:44:38 IST" skipped="0">
  <testcase classname="p04_delegate.TC13_cancelEndDelegation" name="cancelEndDelegation" time="47.503"/>
  <system-out/>
</testsuite> <!-- p04_delegate.TC13_cancelEndDelegation -->
