<?xml version="1.0" encoding="UTF-8"?>
<!-- Generated by org.testng.reporters.JUnitReportReporter -->
<testsuite hostname="NWCHNLAP003" failures="0" tests="1" name="p03_Proxy.TC3ResetButtonProxy" time="14.360" errors="0" timestamp="2022-08-09T12:44:38 IST" skipped="0">
  <testcase classname="p03_Proxy.TC3ResetButtonProxy" name="resetButtonProxy" time="14.360"/>
  <system-out/>
</testsuite> <!-- p03_Proxy.TC3ResetButtonProxy -->
