<?xml version="1.0" encoding="UTF-8"?>
<!-- Generated by org.testng.reporters.JUnitReportReporter -->
<testsuite hostname="DESKTOP-9CE2S4I" failures="0" tests="1" name="p01_login_Non_SSO.TC17_Remember_me" time="16.701" errors="0" timestamp="2022-02-16T14:40:33 IST" skipped="0">
  <testcase classname="p01_login_Non_SSO.TC17_Remember_me" name="remember_Me" time="16.701"/>
  <system-out/>
</testsuite> <!-- p01_login_Non_SSO.TC17_Remember_me -->
