<?xml version="1.0" encoding="UTF-8"?>
<!-- Generated by org.testng.reporters.JUnitReportReporter -->
<testsuite hostname="NWCHNLAP003" failures="0" tests="1" name="p06_Profile_Tab.TC04_Toggle_Freeze" time="11.257" errors="0" timestamp="2022-08-09T12:44:38 IST" skipped="0">
  <testcase classname="p06_Profile_Tab.TC04_Toggle_Freeze" name="Toggle_Freeze" time="11.257"/>
  <system-out/>
</testsuite> <!-- p06_Profile_Tab.TC04_Toggle_Freeze -->
