<?xml version="1.0" encoding="UTF-8"?>
<!-- Generated by org.testng.reporters.JUnitReportReporter -->
<testsuite hostname="NWCHNLAP003" failures="0" tests="1" name="p06_Profile_Tab.TC02_Approle_open" time="11.767" errors="0" timestamp="2022-08-09T12:44:39 IST" skipped="0">
  <testcase classname="p06_Profile_Tab.TC02_Approle_open" name="Approle_open" time="11.767"/>
  <system-out/>
</testsuite> <!-- p06_Profile_Tab.TC02_Approle_open -->
