<?xml version="1.0" encoding="UTF-8"?>
<!-- Generated by org.testng.reporters.JUnitReportReporter -->
<testsuite hostname="NWCHNLAP003" failures="0" tests="1" name="p04_delegate.TC04_PastDateCreateDelegation" time="14.427" errors="0" timestamp="2022-08-09T12:44:38 IST" skipped="0">
  <testcase classname="p04_delegate.TC04_PastDateCreateDelegation" name="pastDateCreateDelegation" time="14.427"/>
  <system-out/>
</testsuite> <!-- p04_delegate.TC04_PastDateCreateDelegation -->
