<?xml version="1.0" encoding="UTF-8"?>
<!-- Generated by org.testng.reporters.JUnitReportReporter -->
<testsuite hostname="NWCHNLAP003" failures="0" tests="1" name="p06_Profile_Tab.TC03_Switch_Role" time="15.507" errors="0" timestamp="2022-08-09T12:44:38 IST" skipped="0">
  <testcase classname="p06_Profile_Tab.TC03_Switch_Role" name="Switch_Role" time="15.507"/>
  <system-out/>
</testsuite> <!-- p06_Profile_Tab.TC03_Switch_Role -->
