<?xml version="1.0" encoding="UTF-8"?>
<!-- Generated by org.testng.reporters.JUnitReportReporter -->
<testsuite hostname="NWCHNLAP003" failures="0" tests="1" name="p01_login_Non_SSO.TC10_Invalidmailid_Invalidpassword" time="8.136" errors="0" timestamp="2022-08-08T11:08:56 IST" skipped="0">
  <testcase classname="p01_login_Non_SSO.TC10_Invalidmailid_Invalidpassword" name="invalidmailid_Invalidpassword" time="8.136"/>
  <system-out/>
</testsuite> <!-- p01_login_Non_SSO.TC10_Invalidmailid_Invalidpassword -->
