<?xml version="1.0" encoding="UTF-8"?>
<!-- Generated by org.testng.reporters.JUnitReportReporter -->
<testsuite hostname="DESKTOP-9CE2S4I" failures="0" tests="1" name="p08_widget_layout_option.TC16_Add_Favourite" time="24.443" errors="0" timestamp="2022-02-16T10:43:50 IST" skipped="0">
  <testcase classname="p08_widget_layout_option.TC16_Add_Favourite" name="addWidgetFavourite" time="24.443"/>
  <system-out/>
</testsuite> <!-- p08_widget_layout_option.TC16_Add_Favourite -->
