<?xml version="1.0" encoding="UTF-8"?>
<!-- Generated by org.testng.reporters.JUnitReportReporter -->
<testsuite hostname="NWCHNLAP003" failures="0" tests="1" name="p06_Profile_Tab.TC05_Profile_tab_close" time="9.742" errors="0" timestamp="2022-08-09T12:44:39 IST" skipped="0">
  <testcase classname="p06_Profile_Tab.TC05_Profile_tab_close" name="Profile_tab_close" time="9.742"/>
  <system-out/>
</testsuite> <!-- p06_Profile_Tab.TC05_Profile_tab_close -->
