<?xml version="1.0" encoding="UTF-8"?>
<!-- Generated by org.testng.reporters.JUnitReportReporter -->
<testsuite hostname="NWCHNLAP003" failures="0" tests="1" name="p05_setting.TC6_SettingPageClose" time="11.193" errors="0" timestamp="2022-08-09T12:44:38 IST" skipped="0">
  <testcase classname="p05_setting.TC6_SettingPageClose" name="settingPageClose" time="11.193"/>
  <system-out/>
</testsuite> <!-- p05_setting.TC6_SettingPageClose -->
