<?xml version="1.0" encoding="UTF-8"?>
<!-- Generated by org.testng.reporters.JUnitReportReporter -->
<testsuite hostname="DESKTOP-9CE2S4I" failures="0" tests="1" name="p02_login_SSO_okta.TC7_help_Okta" time="11.318" errors="0" timestamp="2022-02-16T10:43:49 IST" skipped="0">
  <testcase classname="p02_login_SSO_okta.TC7_help_Okta" name="Login" time="11.318"/>
  <system-out/>
</testsuite> <!-- p02_login_SSO_okta.TC7_help_Okta -->
