<?xml version="1.0" encoding="UTF-8"?>
<!-- Generated by org.testng.reporters.JUnitReportReporter -->
<testsuite hostname="NWCHNLAP003" failures="0" tests="1" name="p01_login_Non_SSO.TC04_InvalidEmployeeid_ValidPassword" time="6.545" errors="0" timestamp="2022-08-09T12:44:39 IST" skipped="0">
  <testcase classname="p01_login_Non_SSO.TC04_InvalidEmployeeid_ValidPassword" name="invalidEmployeeid_ValidPassword" time="6.545"/>
  <system-out/>
</testsuite> <!-- p01_login_Non_SSO.TC04_InvalidEmployeeid_ValidPassword -->
