<?xml version="1.0" encoding="UTF-8"?>
<!-- Generated by org.testng.reporters.JUnitReportReporter -->
<testsuite hostname="NWCHNLAP003" failures="0" tests="1" name="p08_widget_layout_option.TC02_Ask_me_anything" time="25.791" errors="0" timestamp="2022-07-25T16:14:27 IST" skipped="0">
  <testcase classname="p08_widget_layout_option.TC02_Ask_me_anything" name="askMeAnything" time="25.791"/>
  <system-out/>
</testsuite> <!-- p08_widget_layout_option.TC02_Ask_me_anything -->
