<?xml version="1.0" encoding="UTF-8"?>
<!-- Generated by org.testng.reporters.JUnitReportReporter -->
<testsuite hostname="NWCHNLAP003" failures="0" tests="1" name="p10_notification.TC05_SearchNotification" time="14.412" errors="0" timestamp="2022-08-09T12:44:38 IST" skipped="0">
  <testcase classname="p10_notification.TC05_SearchNotification" name="filterNotification" time="14.412"/>
  <system-out/>
</testsuite> <!-- p10_notification.TC05_SearchNotification -->
