<?xml version="1.0" encoding="UTF-8"?>
<!-- Generated by org.testng.reporters.JUnitReportReporter -->
<testsuite hostname="NWCHNLAP003" failures="0" tests="1" name="p09_Search.TC01_Search_Widget" time="14.985" errors="0" timestamp="2022-08-09T12:44:38 IST" skipped="0">
  <testcase classname="p09_Search.TC01_Search_Widget" name="searchWidget" time="14.985"/>
  <system-out/>
</testsuite> <!-- p09_Search.TC01_Search_Widget -->
