<?xml version="1.0" encoding="UTF-8"?>
<!-- Generated by org.testng.reporters.JUnitReportReporter -->
<testsuite hostname="NWCHNLAP003" failures="0" tests="1" name="p03_Proxy.TC4CloseButtonProxy" time="10.700" errors="0" timestamp="2022-08-09T12:44:38 IST" skipped="0">
  <testcase classname="p03_Proxy.TC4CloseButtonProxy" name="closeButtonProxy" time="10.700"/>
  <system-out/>
</testsuite> <!-- p03_Proxy.TC4CloseButtonProxy -->
