<?xml version="1.0" encoding="UTF-8"?>
<!-- Generated by org.testng.reporters.JUnitReportReporter -->
<testsuite hostname="DESKTOP-9CE2S4I" failures="0" tests="1" name="p06_Profile_Tab.TC04_Approle_open" time="17.666" errors="0" timestamp="2022-02-16T10:43:50 IST" skipped="0">
  <testcase classname="p06_Profile_Tab.TC04_Approle_open" name="Approle_open" time="17.666"/>
  <system-out/>
</testsuite> <!-- p06_Profile_Tab.TC04_Approle_open -->
