<?xml version="1.0" encoding="UTF-8"?>
<!-- Generated by org.testng.reporters.JUnitReportReporter -->
<testsuite hostname="NWCHNLAP003" failures="0" tests="1" name="p03_Proxy.TC2ProxyWithoutKeyingUser" time="12.162" errors="0" timestamp="2022-08-09T12:44:38 IST" skipped="0">
  <testcase classname="p03_Proxy.TC2ProxyWithoutKeyingUser" name="proxyWithoutkeyinguser" time="12.162"/>
  <system-out/>
</testsuite> <!-- p03_Proxy.TC2ProxyWithoutKeyingUser -->
