<?xml version="1.0" encoding="UTF-8"?>
<!-- Generated by org.testng.reporters.JUnitReportReporter -->
<testsuite hostname="DESKTOP-9CE2S4I" failures="0" tests="1" name="p05_setting.TC6_SettingBackgroudImage" time="28.642" errors="0" timestamp="2022-02-16T10:43:49 IST" skipped="0">
  <testcase classname="p05_setting.TC6_SettingBackgroudImage" name="settingBackgroundImage" time="28.642"/>
  <system-out/>
</testsuite> <!-- p05_setting.TC6_SettingBackgroudImage -->
