<?xml version="1.0" encoding="UTF-8"?>
<!-- Generated by org.testng.reporters.JUnitReportReporter -->
<testsuite hostname="DESKTOP-9CE2S4I" failures="0" tests="1" name="p06_Profile_Tab.TC06_Toggle_Freeze" time="17.607" errors="0" timestamp="2022-02-16T10:43:50 IST" skipped="0">
  <testcase classname="p06_Profile_Tab.TC06_Toggle_Freeze" name="Toggle_Freeze" time="17.607"/>
  <system-out/>
</testsuite> <!-- p06_Profile_Tab.TC06_Toggle_Freeze -->
