<?xml version="1.0" encoding="UTF-8"?>
<!-- Generated by org.testng.reporters.JUnitReportReporter -->
<testsuite hostname="NWCHNLAP003" failures="0" tests="1" name="p04_delegate.TC08_DelegateHistoryOnme" time="12.568" errors="0" timestamp="2022-08-09T12:44:39 IST" skipped="0">
  <testcase classname="p04_delegate.TC08_DelegateHistoryOnme" name="delegateHistoryOnme" time="12.568"/>
  <system-out/>
</testsuite> <!-- p04_delegate.TC08_DelegateHistoryOnme -->
