<?xml version="1.0" encoding="UTF-8"?>
<!-- Generated by org.testng.reporters.JUnitReportReporter -->
<testsuite hostname="NWCHNLAP003" failures="0" tests="1" name="p08_widget_layout_option.TC10_Remove_Favourite" time="26.774" errors="0" timestamp="2022-07-25T16:07:13 IST" skipped="0">
  <testcase classname="p08_widget_layout_option.TC10_Remove_Favourite" name="addWidgetFavourite" time="26.774"/>
  <system-out/>
</testsuite> <!-- p08_widget_layout_option.TC10_Remove_Favourite -->
