<?xml version="1.0" encoding="UTF-8"?>
<!-- Generated by org.testng.reporters.JUnitReportReporter -->
<testsuite hostname="NWCHNLAP003" failures="0" tests="1" name="p07_widgetview.TC2_SwitchAllApplicationRecent" time="9.195" errors="0" timestamp="2022-08-09T12:44:38 IST" skipped="0">
  <testcase classname="p07_widgetview.TC2_SwitchAllApplicationRecent" name="switchAllApplicationRecent" time="9.195"/>
  <system-out/>
</testsuite> <!-- p07_widgetview.TC2_SwitchAllApplicationRecent -->
