<?xml version="1.0" encoding="UTF-8"?>
<!-- Generated by org.testng.reporters.JUnitReportReporter -->
<testsuite hostname="NWCHNLAP003" failures="0" tests="1" name="p04_delegate.TC12_EndDelegation" time="37.925" errors="0" timestamp="2022-08-09T14:52:57 IST" skipped="0">
  <testcase classname="p04_delegate.TC12_EndDelegation" name="EndDelegation" time="37.925"/>
  <system-out/>
</testsuite> <!-- p04_delegate.TC12_EndDelegation -->
