<?xml version="1.0" encoding="UTF-8"?>
<!-- Generated by org.testng.reporters.JUnitReportReporter -->
<testsuite hostname="DESKTOP-9CE2S4I" failures="0" tests="1" name="p02_login_SSO_okta.TC8_Back_to_Login_Okta" time="13.652" errors="0" timestamp="2022-02-16T10:43:49 IST" skipped="0">
  <testcase classname="p02_login_SSO_okta.TC8_Back_to_Login_Okta" name="Login" time="13.652"/>
  <system-out/>
</testsuite> <!-- p02_login_SSO_okta.TC8_Back_to_Login_Okta -->
