<?xml version="1.0" encoding="UTF-8"?>
<!-- Generated by org.testng.reporters.JUnitReportReporter -->
<testsuite hostname="DESKTOP-9CE2S4I" failures="0" tests="1" name="p07_widgetview.TC2_OpenWidget" time="21.162" errors="0" timestamp="2022-02-16T10:43:50 IST" skipped="0">
  <testcase classname="p07_widgetview.TC2_OpenWidget" name="openWidget" time="21.162"/>
  <system-out/>
</testsuite> <!-- p07_widgetview.TC2_OpenWidget -->
