<?xml version="1.0" encoding="UTF-8"?>
<!-- Generated by org.testng.reporters.JUnitReportReporter -->
<testsuite hostname="DESKTOP-9CE2S4I" failures="0" tests="1" name="p07_widgetview.TC3_SwitchAllApplicationRecent" time="17.043" errors="0" timestamp="2022-02-16T10:43:49 IST" skipped="0">
  <testcase classname="p07_widgetview.TC3_SwitchAllApplicationRecent" name="switchAllApplicationRecent" time="17.043"/>
  <system-out/>
</testsuite> <!-- p07_widgetview.TC3_SwitchAllApplicationRecent -->
