<?xml version="1.0" encoding="UTF-8"?>
<!-- Generated by org.testng.reporters.JUnitReportReporter -->
<testsuite hostname="NWCHNLAP003" failures="0" tests="1" name="p11_logout.TC01_Logout" time="14.566" errors="0" timestamp="2022-08-09T12:44:39 IST" skipped="0">
  <testcase classname="p11_logout.TC01_Logout" name="logout" time="14.566"/>
  <system-out/>
</testsuite> <!-- p11_logout.TC01_Logout -->
