<?xml version="1.0" encoding="UTF-8"?>
<!-- Generated by org.testng.reporters.JUnitReportReporter -->
<testsuite hostname="NWCHNLAP003" failures="0" tests="1" name="p05_setting.TC1_SettingPageOpen" time="10.124" errors="0" timestamp="2022-08-09T12:44:38 IST" skipped="0">
  <testcase classname="p05_setting.TC1_SettingPageOpen" name="settingPageOpen" time="10.124"/>
  <system-out/>
</testsuite> <!-- p05_setting.TC1_SettingPageOpen -->
