<?xml version="1.0" encoding="UTF-8"?>
<!-- Generated by org.testng.reporters.JUnitReportReporter -->
<testsuite hostname="DESKTOP-9CE2S4I" failures="0" tests="1" name="p10_notification.TC15_SearchNotification" time="16.892" errors="0" timestamp="2022-02-16T10:43:50 IST" skipped="0">
  <testcase classname="p10_notification.TC15_SearchNotification" name="filterNotification" time="16.892"/>
  <system-out/>
</testsuite> <!-- p10_notification.TC15_SearchNotification -->
