<?xml version="1.0" encoding="UTF-8"?>
<!-- Generated by org.testng.reporters.JUnitReportReporter -->
<testsuite hostname="NWCHNLAP003" failures="0" tests="1" name="p01_login_Non_SSO.TC06_InvalidGlobalid_Invalidpassword" time="6.307" errors="0" timestamp="2022-08-09T12:44:38 IST" skipped="0">
  <testcase classname="p01_login_Non_SSO.TC06_InvalidGlobalid_Invalidpassword" name="invalidGlobalid_Invalidpassword" time="6.307"/>
  <system-out/>
</testsuite> <!-- p01_login_Non_SSO.TC06_InvalidGlobalid_Invalidpassword -->
