<?xml version="1.0" encoding="UTF-8"?>
<!-- Generated by org.testng.reporters.JUnitReportReporter -->
<testsuite hostname="DESKTOP-9CE2S4I" failures="0" tests="1" name="p01_login_Non_SSO.TC18_Forgotpassword" time="44.743" errors="0" timestamp="2022-02-16T14:40:33 IST" skipped="0">
  <testcase classname="p01_login_Non_SSO.TC18_Forgotpassword" name="forgotPassword" time="44.743"/>
  <system-out/>
</testsuite> <!-- p01_login_Non_SSO.TC18_Forgotpassword -->
