<?xml version="1.0" encoding="UTF-8"?>
<!-- Generated by org.testng.reporters.JUnitReportReporter -->
<testsuite hostname="NWCHNLAP003" failures="0" tests="1" name="p08_widget_layout_option.TC12_widget_window_close" time="16.185" errors="0" timestamp="2022-07-25T16:07:13 IST" skipped="0">
  <testcase classname="p08_widget_layout_option.TC12_widget_window_close" name="widgetWindowClose" time="16.185"/>
  <system-out/>
</testsuite> <!-- p08_widget_layout_option.TC12_widget_window_close -->
