<?xml version="1.0" encoding="UTF-8"?>
<!-- Generated by org.testng.reporters.JUnitReportReporter -->
<testsuite hostname="NWCHNLAP003" failures="0" tests="1" name="p04_delegate.TC09_DelegateHistoryByme" time="10.593" errors="0" timestamp="2022-08-09T12:44:38 IST" skipped="0">
  <testcase classname="p04_delegate.TC09_DelegateHistoryByme" name="delegateHistoryByme" time="10.593"/>
  <system-out/>
</testsuite> <!-- p04_delegate.TC09_DelegateHistoryByme -->
