<?xml version="1.0" encoding="UTF-8"?>
<!-- Generated by org.testng.reporters.JUnitReportReporter -->
<testsuite hostname="NWCHNLAP003" failures="0" tests="1" name="p01_login_Non_SSO.TC03_validEmployeeid_Invalidpassword" time="6.573" errors="0" timestamp="2022-08-09T12:44:39 IST" skipped="0">
  <testcase classname="p01_login_Non_SSO.TC03_validEmployeeid_Invalidpassword" name="validEmployeeid_Invalidpassword" time="6.573"/>
  <system-out/>
</testsuite> <!-- p01_login_Non_SSO.TC03_validEmployeeid_Invalidpassword -->
