<?xml version="1.0" encoding="UTF-8"?>
<!-- Generated by org.testng.reporters.JUnitReportReporter -->
<testsuite hostname="NWCHNLAP003" failures="0" tests="1" name="p04_delegate.TC16DelegatePageClose" time="11.199" errors="0" timestamp="2022-08-09T12:44:38 IST" skipped="0">
  <testcase classname="p04_delegate.TC16DelegatePageClose" name="delegatePageClose" time="11.199"/>
  <system-out/>
</testsuite> <!-- p04_delegate.TC16DelegatePageClose -->
