<?xml version="1.0" encoding="UTF-8"?>
<!-- Generated by org.testng.reporters.JUnitReportReporter -->
<testsuite hostname="NWCHNLAP003" failures="0" tests="1" name="p10_notification.TC01_Open_notificationpage" time="12.946" errors="0" timestamp="2022-08-09T12:44:38 IST" skipped="0">
  <testcase classname="p10_notification.TC01_Open_notificationpage" name="openNotificationPage" time="12.946"/>
  <system-out/>
</testsuite> <!-- p10_notification.TC01_Open_notificationpage -->
