<?xml version="1.0" encoding="UTF-8"?>
<!-- Generated by org.testng.reporters.JUnitReportReporter -->
<testsuite hostname="NWCHNLAP003" failures="0" tests="1" name="p01_login_Non_SSO.TC05_validGlobalid_validpassword" time="7.854" errors="0" timestamp="2022-08-09T12:44:38 IST" skipped="0">
  <testcase classname="p01_login_Non_SSO.TC05_validGlobalid_validpassword" name="validGlobalid_validpassword" time="7.854"/>
  <system-out/>
</testsuite> <!-- p01_login_Non_SSO.TC05_validGlobalid_validpassword -->
