<?xml version="1.0" encoding="UTF-8"?>
<!-- Generated by org.testng.reporters.JUnitReportReporter -->
<testsuite hostname="NWCHNLAP003" failures="0" tests="1" name="p05_setting.TC3_SettingLanguage" time="17.217" errors="0" timestamp="2022-08-09T12:44:38 IST" skipped="0">
  <testcase classname="p05_setting.TC3_SettingLanguage" name="settingLanguage" time="17.217"/>
  <system-out/>
</testsuite> <!-- p05_setting.TC3_SettingLanguage -->
