<?xml version="1.0" encoding="UTF-8"?>
<!-- Generated by org.testng.reporters.JUnitReportReporter -->
<testsuite hostname="NWCHNLAP003" failures="0" tests="1" name="p07_widgetview.TC1_OpenWidget" time="18.280" errors="0" timestamp="2022-08-09T12:44:39 IST" skipped="0">
  <testcase classname="p07_widgetview.TC1_OpenWidget" name="openWidget" time="18.280"/>
  <system-out/>
</testsuite> <!-- p07_widgetview.TC1_OpenWidget -->
